<?xml version="1.0" encoding="UTF-8"?>
<testng-results skipped="0" failed="0" ignored="0" total="1" passed="1">
  <reporter-output>
  </reporter-output>
  <suite name="Default suite" duration-ms="6018" started-at="2017-06-19T09:07:36Z" finished-at="2017-06-19T09:07:42Z">
    <groups>
    </groups>
    <test name="Default test" duration-ms="6018" started-at="2017-06-19T09:07:36Z" finished-at="2017-06-19T09:07:42Z">
      <class name="autotests.FirstTC">
        <test-method status="PASS" signature="firstTest()[pri:0, instance:autotests.FirstTC@39aeed2f]" name="firstTest" duration-ms="6004" started-at="2017-06-19T12:07:36Z" finished-at="2017-06-19T12:07:42Z">
          <reporter-output>
          </reporter-output>
        </test-method> <!-- firstTest -->
      </class> <!-- autotests.FirstTC -->
    </test> <!-- Default test -->
  </suite> <!-- Default suite -->
</testng-results>
