<?xml version="1.0" encoding="UTF-8"?>
<testng-results skipped="0" failed="0" ignored="0" total="1" passed="1">
  <reporter-output>
  </reporter-output>
  <suite name="Suite" duration-ms="23" started-at="2017-06-14T12:39:23Z" finished-at="2017-06-14T12:39:23Z">
    <groups>
    </groups>
    <test name="Test1" duration-ms="23" started-at="2017-06-14T12:39:23Z" finished-at="2017-06-14T12:39:23Z">
      <class name="testNG.SumTest">
        <test-method status="PASS" signature="testSum()[pri:0, instance:testNG.SumTest@4590c9c3]" name="testSum" duration-ms="9" started-at="2017-06-14T15:39:23Z" finished-at="2017-06-14T15:39:23Z">
          <reporter-output>
          </reporter-output>
        </test-method> <!-- testSum -->
      </class> <!-- testNG.SumTest -->
    </test> <!-- Test1 -->
  </suite> <!-- Suite -->
</testng-results>
